<?xml version="1.0" encoding="UTF-8"?>
<!-- Generated by org.testng.reporters.JUnitReportReporter -->
<testsuite hostname="LAPTOP-92A58KUK" failures="0" tests="3" name="Navigation.BrowserNavigationTest" time="66.176" errors="0" timestamp="2026-07-15T11:49:23 IST" skipped="0">
  <testcase classname="Navigation.BrowserNavigationTest" name="navigationTest" time="18.716"/>
  <testcase classname="Navigation.BrowserNavigationTest" name="navigationTest" time="24.111"/>
  <testcase classname="Navigation.BrowserNavigationTest" name="navigationTest" time="23.349"/>
</testsuite> <!-- Navigation.BrowserNavigationTest -->
