<?xml version="1.0" encoding="UTF-8"?>
<testng-results ignored="0" total="1" passed="1" failed="0" skipped="0">
  <reporter-output>
  </reporter-output>
  <suite started-at="2026-07-27T11:35:38 IST" name="Default suite" finished-at="2026-07-27T11:35:41 IST" duration-ms="2493">
    <groups>
    </groups>
    <test started-at="2026-07-27T11:35:38 IST" name="Default test" finished-at="2026-07-27T11:35:41 IST" duration-ms="2493">
      <class name="RestAsusre.POSTandPUTRequest">
        <test-method is-config="true" signature="setup()[pri:0, instance:RestAsusre.POSTandPUTRequest@3cd3e762]" started-at="2026-07-27T11:35:38 IST" name="setup" finished-at="2026-07-27T11:35:39 IST" duration-ms="381" status="PASS">
          <reporter-output>
          </reporter-output>
        </test-method> <!-- setup -->
        <test-method signature="testPostRequestComplete()[pri:1, instance:RestAsusre.POSTandPUTRequest@3cd3e762]" started-at="2026-07-27T11:35:39 IST" name="testPostRequestComplete" finished-at="2026-07-27T11:35:41 IST" duration-ms="2067" status="PASS">
          <reporter-output>
          </reporter-output>
        </test-method> <!-- testPostRequestComplete -->
      </class> <!-- RestAsusre.POSTandPUTRequest -->
    </test> <!-- Default test -->
  </suite> <!-- Default suite -->
</testng-results>
