<?xml version="1.0" encoding="UTF-8"?>
<!-- Generated by org.testng.reporters.JUnitReportReporter -->
<testsuite hostname="LAPTOP-92A58KUK" failures="0" tests="3" name="com.TitleCheck.TitleCheck" time="66.694" errors="0" timestamp="2026-07-15T09:39:59 IST" skipped="0">
  <testcase classname="com.TitleCheck.TitleCheck" name="chromeBrowserTest" time="47.733"/>
  <testcase classname="com.TitleCheck.TitleCheck" name="EdgeBrowserTest" time="8.661"/>
  <testcase classname="com.TitleCheck.TitleCheck" name="FireFoxBrowserTest" time="10.300"/>
</testsuite> <!-- com.TitleCheck.TitleCheck -->
