<?xml version="1.0" encoding="UTF-8"?>
<testng-results ignored="0" total="1" passed="1" failed="0" skipped="0">
  <reporter-output>
  </reporter-output>
  <suite started-at="2026-07-16T17:34:17 IST" name="Default suite" finished-at="2026-07-16T17:34:33 IST" duration-ms="15366">
    <groups>
    </groups>
    <test started-at="2026-07-16T17:34:17 IST" name="Default test" finished-at="2026-07-16T17:34:33 IST" duration-ms="15366">
      <class name="com.Alert.AlertDemo">
        <test-method signature="Demo()[pri:0, instance:com.Alert.AlertDemo@40844aab]" started-at="2026-07-16T17:34:18 IST" name="Demo" finished-at="2026-07-16T17:34:33 IST" duration-ms="14969" status="PASS">
          <reporter-output>
          </reporter-output>
        </test-method> <!-- Demo -->
      </class> <!-- com.Alert.AlertDemo -->
    </test> <!-- Default test -->
  </suite> <!-- Default suite -->
</testng-results>
