<?xml version="1.0" encoding="UTF-8"?>
<testng-results ignored="0" total="1" passed="1" failed="0" skipped="0">
  <reporter-output>
  </reporter-output>
  <suite started-at="2026-07-20T13:58:57 IST" name="Default suite" finished-at="2026-07-20T13:59:15 IST" duration-ms="18318">
    <groups>
    </groups>
    <test started-at="2026-07-20T13:58:57 IST" name="Default test" finished-at="2026-07-20T13:59:15 IST" duration-ms="18318">
      <class name="com.Framework.TestCase.LoginOrangeHRM">
        <test-method is-config="true" signature="SetUp()[pri:0, instance:com.Framework.TestCase.LoginOrangeHRM@448c8166]" started-at="2026-07-20T13:58:56 IST" name="SetUp" finished-at="2026-07-20T13:58:57 IST" duration-ms="590" status="PASS">
          <reporter-output>
          </reporter-output>
        </test-method> <!-- SetUp -->
        <test-method is-config="true" signature="BrowserTest()[pri:0, instance:com.Framework.TestCase.LoginOrangeHRM@448c8166]" started-at="2026-07-20T13:58:57 IST" name="BrowserTest" finished-at="2026-07-20T13:59:04 IST" duration-ms="7285" status="PASS">
          <reporter-output>
          </reporter-output>
        </test-method> <!-- BrowserTest -->
        <test-method signature="loginApp()[pri:0, instance:com.Framework.TestCase.LoginOrangeHRM@448c8166]" started-at="2026-07-20T13:59:04 IST" name="loginApp" finished-at="2026-07-20T13:59:15 IST" duration-ms="10581" status="PASS">
          <reporter-output>
          </reporter-output>
        </test-method> <!-- loginApp -->
        <test-method is-config="true" signature="tearDownMethod(org.testng.ITestResult)[pri:0, instance:com.Framework.TestCase.LoginOrangeHRM@448c8166]" started-at="2026-07-20T13:59:15 IST" name="tearDownMethod" finished-at="2026-07-20T13:59:15 IST" duration-ms="4" status="PASS">
          <params>
            <param index="0">
              <value>
                <![CDATA[[TestResult name=loginApp status=SUCCESS method=LoginOrangeHRM.loginApp()[pri:0, instance:com.Framework.TestCase.LoginOrangeHRM@448c8166] output={null}]]]>
              </value>
            </param>
          </params>
          <reporter-output>
          </reporter-output>
        </test-method> <!-- tearDownMethod -->
        <test-method is-config="true" signature="tearDown()[pri:0, instance:com.Framework.TestCase.LoginOrangeHRM@448c8166]" started-at="2026-07-20T13:59:15 IST" name="tearDown" finished-at="2026-07-20T13:59:15 IST" duration-ms="282" status="PASS">
          <reporter-output>
          </reporter-output>
        </test-method> <!-- tearDown -->
      </class> <!-- com.Framework.TestCase.LoginOrangeHRM -->
    </test> <!-- Default test -->
  </suite> <!-- Default suite -->
</testng-results>
