<?xml version="1.0" encoding="UTF-8"?>
<!-- Generated by org.testng.reporters.JUnitXMLReporter -->
<testsuite ignored="0" hostname="LAPTOP-92A58KUK" failures="0" tests="3" name="Default test" time="13.617" errors="0" timestamp="2026-07-14T16:07:28 IST">
  <testcase classname="com.WebDriver.Commands.BrowserCommands" name="chromeBrowserTest" time="4.742"/>
  <testcase classname="com.WebDriver.Commands.BrowserCommands" name="EdgeBrowserTest" time="3.356"/>
  <testcase classname="com.WebDriver.Commands.BrowserCommands" name="FireFoxBrowserTest" time="5.461"/>
</testsuite> <!-- Default test -->
