<?xml version="1.0" encoding="UTF-8"?>
<testng-results ignored="0" total="3" passed="3" failed="0" skipped="0">
  <reporter-output>
  </reporter-output>
  <suite started-at="2026-07-15T11:48:16 IST" name="Browser Suite" finished-at="2026-07-15T11:49:22 IST" duration-ms="66450">
    <groups>
    </groups>
    <test started-at="2026-07-15T11:48:16 IST" name="Chrome Test" finished-at="2026-07-15T11:48:40 IST" duration-ms="24183">
      <class name="Navigation.BrowserNavigationTest">
        <test-method is-config="true" signature="detup(java.lang.String)[pri:0, instance:Navigation.BrowserNavigationTest@5c6648b0]" started-at="2026-07-15T11:48:16 IST" name="detup" finished-at="2026-07-15T11:48:24 IST" duration-ms="7655" status="PASS">
          <params>
            <param index="0">
              <value>
                <![CDATA[chrome]]>
              </value>
            </param>
          </params>
          <reporter-output>
          </reporter-output>
        </test-method> <!-- detup -->
        <test-method signature="navigationTest()[pri:0, instance:Navigation.BrowserNavigationTest@5c6648b0]" started-at="2026-07-15T11:48:24 IST" name="navigationTest" finished-at="2026-07-15T11:48:39 IST" duration-ms="15628" status="PASS">
          <reporter-output>
          </reporter-output>
        </test-method> <!-- navigationTest -->
        <test-method is-config="true" signature="tearDown()[pri:0, instance:Navigation.BrowserNavigationTest@5c6648b0]" started-at="2026-07-15T11:48:39 IST" name="tearDown" finished-at="2026-07-15T11:48:40 IST" duration-ms="828" status="PASS">
          <reporter-output>
          </reporter-output>
        </test-method> <!-- tearDown -->
      </class> <!-- Navigation.BrowserNavigationTest -->
    </test> <!-- Chrome Test -->
    <test started-at="2026-07-15T11:48:40 IST" name="Firefox Test" finished-at="2026-07-15T11:49:04 IST" duration-ms="23367">
      <class name="Navigation.BrowserNavigationTest">
        <test-method is-config="true" signature="detup(java.lang.String)[pri:0, instance:Navigation.BrowserNavigationTest@7eac9008]" started-at="2026-07-15T11:48:40 IST" name="detup" finished-at="2026-07-15T11:48:45 IST" duration-ms="4302" status="PASS">
          <params>
            <param index="0">
              <value>
                <![CDATA[firefox]]>
              </value>
            </param>
          </params>
          <reporter-output>
          </reporter-output>
        </test-method> <!-- detup -->
        <test-method signature="navigationTest()[pri:0, instance:Navigation.BrowserNavigationTest@7eac9008]" started-at="2026-07-15T11:48:45 IST" name="navigationTest" finished-at="2026-07-15T11:49:03 IST" duration-ms="18017" status="PASS">
          <reporter-output>
          </reporter-output>
        </test-method> <!-- navigationTest -->
        <test-method is-config="true" signature="tearDown()[pri:0, instance:Navigation.BrowserNavigationTest@7eac9008]" started-at="2026-07-15T11:49:03 IST" name="tearDown" finished-at="2026-07-15T11:49:04 IST" duration-ms="1030" status="PASS">
          <reporter-output>
          </reporter-output>
        </test-method> <!-- tearDown -->
      </class> <!-- Navigation.BrowserNavigationTest -->
    </test> <!-- Firefox Test -->
    <test started-at="2026-07-15T11:49:04 IST" name="Edge Test" finished-at="2026-07-15T11:49:22 IST" duration-ms="18734">
      <class name="Navigation.BrowserNavigationTest">
        <test-method is-config="true" signature="detup(java.lang.String)[pri:0, instance:Navigation.BrowserNavigationTest@62ddbd7e]" started-at="2026-07-15T11:49:04 IST" name="detup" finished-at="2026-07-15T11:49:06 IST" duration-ms="1972" status="PASS">
          <params>
            <param index="0">
              <value>
                <![CDATA[edge]]>
              </value>
            </param>
          </params>
          <reporter-output>
          </reporter-output>
        </test-method> <!-- detup -->
        <test-method signature="navigationTest()[pri:0, instance:Navigation.BrowserNavigationTest@62ddbd7e]" started-at="2026-07-15T11:49:06 IST" name="navigationTest" finished-at="2026-07-15T11:49:22 IST" duration-ms="16424" status="PASS">
          <reporter-output>
          </reporter-output>
        </test-method> <!-- navigationTest -->
        <test-method is-config="true" signature="tearDown()[pri:0, instance:Navigation.BrowserNavigationTest@62ddbd7e]" started-at="2026-07-15T11:49:22 IST" name="tearDown" finished-at="2026-07-15T11:49:22 IST" duration-ms="320" status="PASS">
          <reporter-output>
          </reporter-output>
        </test-method> <!-- tearDown -->
      </class> <!-- Navigation.BrowserNavigationTest -->
    </test> <!-- Edge Test -->
  </suite> <!-- Browser Suite -->
</testng-results>
