<?xml version="1.0" encoding="UTF-8"?>
<testng-results ignored="0" total="1" passed="1" failed="0" skipped="0">
  <reporter-output>
  </reporter-output>
  <suite started-at="2026-07-27T08:32:45 IST" name="Suite" finished-at="2026-07-27T08:33:40 IST" duration-ms="54464">
    <groups>
    </groups>
    <test started-at="2026-07-27T08:32:45 IST" name="Test" finished-at="2026-07-27T08:33:40 IST" duration-ms="54464">
      <class name="PageFactory.PageFactoryClass">
        <test-method is-config="true" signature="SetUp()[pri:0, instance:PageFactory.PageFactoryClass@338fc1d8]" started-at="2026-07-27T08:32:44 IST" name="SetUp" finished-at="2026-07-27T08:32:45 IST" duration-ms="1202" status="PASS">
          <reporter-output>
          </reporter-output>
        </test-method> <!-- SetUp -->
        <test-method is-config="true" signature="BrowserTest()[pri:0, instance:PageFactory.PageFactoryClass@338fc1d8]" started-at="2026-07-27T08:32:45 IST" name="BrowserTest" finished-at="2026-07-27T08:32:58 IST" duration-ms="12370" status="PASS">
          <reporter-output>
          </reporter-output>
        </test-method> <!-- BrowserTest -->
        <test-method signature="excute()[pri:0, instance:PageFactory.PageFactoryClass@338fc1d8]" started-at="2026-07-27T08:32:58 IST" name="excute" finished-at="2026-07-27T08:33:39 IST" duration-ms="41461" status="PASS">
          <reporter-output>
          </reporter-output>
        </test-method> <!-- excute -->
        <test-method is-config="true" signature="tearDownMethod(org.testng.ITestResult)[pri:0, instance:PageFactory.PageFactoryClass@338fc1d8]" started-at="2026-07-27T08:33:40 IST" name="tearDownMethod" finished-at="2026-07-27T08:33:40 IST" duration-ms="14" status="PASS">
          <params>
            <param index="0">
              <value>
                <![CDATA[[TestResult name=excute status=SUCCESS method=PageFactoryClass.excute()[pri:0, instance:PageFactory.PageFactoryClass@338fc1d8] output={null}]]]>
              </value>
            </param>
          </params>
          <reporter-output>
          </reporter-output>
        </test-method> <!-- tearDownMethod -->
      </class> <!-- PageFactory.PageFactoryClass -->
    </test> <!-- Test -->
  </suite> <!-- Suite -->
</testng-results>
