<?xml version="1.0" encoding="UTF-8"?>
<testng-results ignored="0" total="1" passed="1" failed="0" skipped="0">
  <reporter-output>
  </reporter-output>
  <suite started-at="2026-07-18T14:18:24 IST" name="Default suite" finished-at="2026-07-18T14:18:33 IST" duration-ms="8815">
    <groups>
    </groups>
    <test started-at="2026-07-18T14:18:24 IST" name="Default test" finished-at="2026-07-18T14:18:33 IST" duration-ms="8815">
      <class name="com.Easycalculation.TestCases.ExcecuteLoginPage">
        <test-method signature="exceute()[pri:0, instance:com.Easycalculation.TestCases.ExcecuteLoginPage@5a5a729f]" started-at="2026-07-18T14:18:24 IST" name="exceute" finished-at="2026-07-18T14:18:33 IST" duration-ms="8600" status="PASS">
          <reporter-output>
          </reporter-output>
        </test-method> <!-- exceute -->
      </class> <!-- com.Easycalculation.TestCases.ExcecuteLoginPage -->
    </test> <!-- Default test -->
  </suite> <!-- Default suite -->
</testng-results>
