<?xml version="1.0" encoding="UTF-8"?>
<!-- Generated by org.testng.reporters.JUnitXMLReporter -->
<testsuite ignored="0" hostname="LAPTOP-92A58KUK" failures="0" tests="3" name="Default test" time="66.762" errors="0" timestamp="2026-07-15T09:39:58 IST">
  <testcase classname="com.TitleCheck.TitleCheck" name="chromeBrowserTest" time="47.733"/>
  <testcase classname="com.TitleCheck.TitleCheck" name="EdgeBrowserTest" time="8.661"/>
  <testcase classname="com.TitleCheck.TitleCheck" name="FireFoxBrowserTest" time="10.3"/>
</testsuite> <!-- Default test -->
