<?xml version="1.0" encoding="UTF-8"?>
<testng-results ignored="0" total="1" passed="1" failed="0" skipped="0">
  <reporter-output>
  </reporter-output>
  <suite started-at="2026-07-18T12:07:50 IST" name="Default suite" finished-at="2026-07-18T12:08:11 IST" duration-ms="21042">
    <groups>
    </groups>
    <test started-at="2026-07-18T12:07:50 IST" name="Default test" finished-at="2026-07-18T12:08:11 IST" duration-ms="21042">
      <class name="ScreenshotDemo.screenhotdemo2">
        <test-method is-config="true" signature="Launch()[pri:0, instance:ScreenshotDemo.screenhotdemo2@765d7657]" started-at="2026-07-18T12:07:50 IST" name="Launch" finished-at="2026-07-18T12:08:01 IST" duration-ms="10767" status="PASS">
          <reporter-output>
          </reporter-output>
        </test-method> <!-- Launch -->
        <test-method signature="task()[pri:0, instance:ScreenshotDemo.screenhotdemo2@765d7657]" started-at="2026-07-18T12:08:01 IST" name="task" finished-at="2026-07-18T12:08:11 IST" duration-ms="10220" status="PASS">
          <reporter-output>
          </reporter-output>
        </test-method> <!-- task -->
      </class> <!-- ScreenshotDemo.screenhotdemo2 -->
    </test> <!-- Default test -->
  </suite> <!-- Default suite -->
</testng-results>
