<?xml version="1.0" encoding="UTF-8"?>
<testng-results ignored="0" total="1" passed="1" failed="0" skipped="0">
  <reporter-output>
  </reporter-output>
  <suite started-at="2026-07-17T14:02:49 IST" name="Default suite" finished-at="2026-07-17T14:03:33 IST" duration-ms="44067">
    <groups>
    </groups>
    <test started-at="2026-07-17T14:02:49 IST" name="Default test" finished-at="2026-07-17T14:03:33 IST" duration-ms="44067">
      <class name="MultipleFrame.MultipleFrameTest">
        <test-method is-config="true" signature="chromeTest()[pri:0, instance:MultipleFrame.MultipleFrameTest@411f53a0]" started-at="2026-07-17T14:02:49 IST" name="chromeTest" finished-at="2026-07-17T14:03:00 IST" duration-ms="10633" status="PASS">
          <reporter-output>
          </reporter-output>
        </test-method> <!-- chromeTest -->
        <test-method signature="MultipleFrame()[pri:0, instance:MultipleFrame.MultipleFrameTest@411f53a0]" started-at="2026-07-17T14:03:00 IST" name="MultipleFrame" finished-at="2026-07-17T14:03:33 IST" duration-ms="33216" status="PASS">
          <reporter-output>
          </reporter-output>
        </test-method> <!-- MultipleFrame -->
      </class> <!-- MultipleFrame.MultipleFrameTest -->
    </test> <!-- Default test -->
  </suite> <!-- Default suite -->
</testng-results>
