<?xml version="1.0" encoding="UTF-8"?>
<testng-results ignored="0" total="1" passed="1" failed="0" skipped="0">
  <reporter-output>
  </reporter-output>
  <suite started-at="2026-07-17T11:22:08 IST" name="Default suite" finished-at="2026-07-17T11:22:53 IST" duration-ms="44943">
    <groups>
    </groups>
    <test started-at="2026-07-17T11:22:08 IST" name="Default test" finished-at="2026-07-17T11:22:53 IST" duration-ms="44943">
      <class name="HandlingDropDown.DropDownBoxTest">
        <test-method is-config="true" signature="chromeTest()[pri:0, instance:HandlingDropDown.DropDownBoxTest@51399530]" started-at="2026-07-17T11:22:08 IST" name="chromeTest" finished-at="2026-07-17T11:22:30 IST" duration-ms="21686" status="PASS">
          <reporter-output>
          </reporter-output>
        </test-method> <!-- chromeTest -->
        <test-method signature="DropDownList()[pri:0, instance:HandlingDropDown.DropDownBoxTest@51399530]" started-at="2026-07-17T11:22:30 IST" name="DropDownList" finished-at="2026-07-17T11:22:51 IST" duration-ms="21530" status="PASS">
          <reporter-output>
          </reporter-output>
        </test-method> <!-- DropDownList -->
        <test-method is-config="true" signature="closeDriver()[pri:0, instance:HandlingDropDown.DropDownBoxTest@51399530]" started-at="2026-07-17T11:22:51 IST" name="closeDriver" finished-at="2026-07-17T11:22:53 IST" duration-ms="1571" status="PASS">
          <reporter-output>
          </reporter-output>
        </test-method> <!-- closeDriver -->
      </class> <!-- HandlingDropDown.DropDownBoxTest -->
    </test> <!-- Default test -->
  </suite> <!-- Default suite -->
</testng-results>
