<?xml version="1.0" encoding="UTF-8"?>
<testng-results ignored="0" total="3" passed="3" failed="0" skipped="0">
  <reporter-output>
  </reporter-output>
  <suite started-at="2026-07-14T16:07:15 IST" name="Default suite" finished-at="2026-07-14T16:07:28 IST" duration-ms="13617">
    <groups>
    </groups>
    <test started-at="2026-07-14T16:07:15 IST" name="Default test" finished-at="2026-07-14T16:07:28 IST" duration-ms="13617">
      <class name="com.WebDriver.Commands.BrowserCommands">
        <test-method signature="chromeBrowserTest()[pri:0, instance:com.WebDriver.Commands.BrowserCommands@74f0ea28]" started-at="2026-07-14T16:07:15 IST" name="chromeBrowserTest" finished-at="2026-07-14T16:07:19 IST" duration-ms="4742" status="PASS">
          <reporter-output>
          </reporter-output>
        </test-method> <!-- chromeBrowserTest -->
        <test-method signature="EdgeBrowserTest()[pri:1, instance:com.WebDriver.Commands.BrowserCommands@74f0ea28]" started-at="2026-07-14T16:07:19 IST" name="EdgeBrowserTest" finished-at="2026-07-14T16:07:23 IST" duration-ms="3356" status="PASS">
          <reporter-output>
          </reporter-output>
        </test-method> <!-- EdgeBrowserTest -->
        <test-method signature="FireFoxBrowserTest()[pri:2, instance:com.WebDriver.Commands.BrowserCommands@74f0ea28]" started-at="2026-07-14T16:07:23 IST" name="FireFoxBrowserTest" finished-at="2026-07-14T16:07:28 IST" duration-ms="5461" status="PASS">
          <reporter-output>
          </reporter-output>
        </test-method> <!-- FireFoxBrowserTest -->
      </class> <!-- com.WebDriver.Commands.BrowserCommands -->
    </test> <!-- Default test -->
  </suite> <!-- Default suite -->
</testng-results>
