<?xml version="1.0" encoding="UTF-8"?>
<testng-results ignored="0" total="3" passed="3" failed="0" skipped="0">
  <reporter-output>
  </reporter-output>
  <suite started-at="2026-07-15T09:38:51 IST" name="Default suite" finished-at="2026-07-15T09:39:58 IST" duration-ms="66762">
    <groups>
    </groups>
    <test started-at="2026-07-15T09:38:51 IST" name="Default test" finished-at="2026-07-15T09:39:58 IST" duration-ms="66762">
      <class name="com.TitleCheck.TitleCheck">
        <test-method signature="chromeBrowserTest()[pri:0, instance:com.TitleCheck.TitleCheck@74f0ea28]" started-at="2026-07-15T09:38:51 IST" name="chromeBrowserTest" finished-at="2026-07-15T09:39:39 IST" duration-ms="47733" status="PASS">
          <reporter-output>
          </reporter-output>
        </test-method> <!-- chromeBrowserTest -->
        <test-method signature="EdgeBrowserTest()[pri:1, instance:com.TitleCheck.TitleCheck@74f0ea28]" started-at="2026-07-15T09:39:39 IST" name="EdgeBrowserTest" finished-at="2026-07-15T09:39:48 IST" duration-ms="8661" status="PASS">
          <reporter-output>
          </reporter-output>
        </test-method> <!-- EdgeBrowserTest -->
        <test-method signature="FireFoxBrowserTest()[pri:2, instance:com.TitleCheck.TitleCheck@74f0ea28]" started-at="2026-07-15T09:39:48 IST" name="FireFoxBrowserTest" finished-at="2026-07-15T09:39:58 IST" duration-ms="10300" status="PASS">
          <reporter-output>
          </reporter-output>
        </test-method> <!-- FireFoxBrowserTest -->
      </class> <!-- com.TitleCheck.TitleCheck -->
    </test> <!-- Default test -->
  </suite> <!-- Default suite -->
</testng-results>
