<?xml version="1.0" encoding="UTF-8"?>
<testng-results ignored="0" total="1" passed="1" failed="0" skipped="0">
  <reporter-output>
  </reporter-output>
  <suite started-at="2026-07-18T10:57:06 IST" name="Default suite" finished-at="2026-07-18T10:57:43 IST" duration-ms="36697">
    <groups>
    </groups>
    <test started-at="2026-07-18T10:57:06 IST" name="Default test" finished-at="2026-07-18T10:57:43 IST" duration-ms="36697">
      <class name="Actions.MouseHandOver">
        <test-method is-config="true" signature="LaunchDriver()[pri:0, instance:Actions.MouseHandOver@5fe94a96]" started-at="2026-07-18T10:57:06 IST" name="LaunchDriver" finished-at="2026-07-18T10:57:29 IST" duration-ms="22849" status="PASS">
          <reporter-output>
          </reporter-output>
        </test-method> <!-- LaunchDriver -->
        <test-method signature="mouseOver()[pri:0, instance:Actions.MouseHandOver@5fe94a96]" started-at="2026-07-18T10:57:29 IST" name="mouseOver" finished-at="2026-07-18T10:57:43 IST" duration-ms="13768" status="PASS">
          <reporter-output>
          </reporter-output>
        </test-method> <!-- mouseOver -->
      </class> <!-- Actions.MouseHandOver -->
    </test> <!-- Default test -->
  </suite> <!-- Default suite -->
</testng-results>
