<?xml version="1.0" encoding="UTF-8"?>
<!-- Generated by org.testng.reporters.JUnitReportReporter -->
<testsuite hostname="LAPTOP-92A58KUK" failures="0" tests="6" name="com.jenkinsCICDDemoTest.JenkinsCICDTest" time="130.142" errors="0" timestamp="2026-07-21T11:21:03 IST" skipped="0">
  <testcase classname="com.jenkinsCICDDemoTest.JenkinsCICDTest" name="ChromeBrowserTest" time="9.197"/>
  <testcase classname="com.jenkinsCICDDemoTest.JenkinsCICDTest" name="EdgeBrowser" time="4.322"/>
  <testcase classname="com.jenkinsCICDDemoTest.JenkinsCICDTest" name="FirefoxBrowser" time="6.283"/>
  <testcase classname="com.jenkinsCICDDemoTest.JenkinsCICDTest" name="VitaminsSupplement" time="59.937"/>
  <testcase classname="com.jenkinsCICDDemoTest.JenkinsCICDTest" name="VitaminsLink" time="41.276"/>
  <testcase classname="com.jenkinsCICDDemoTest.JenkinsCICDTest" name="DropDownList" time="9.127"/>
</testsuite> <!-- com.jenkinsCICDDemoTest.JenkinsCICDTest -->
