<?xml version="1.0" encoding="UTF-8"?>
<testng-results ignored="0" total="6" passed="6" failed="0" skipped="0">
  <reporter-output>
  </reporter-output>
  <suite started-at="2026-07-21T11:18:52 IST" name="Surefire suite" finished-at="2026-07-21T11:21:02 IST" duration-ms="130501">
    <groups>
    </groups>
    <test started-at="2026-07-21T11:18:52 IST" name="Surefire test" finished-at="2026-07-21T11:21:02 IST" duration-ms="130501">
      <class name="com.jenkinsCICDDemoTest.JenkinsCICDTest">
        <test-method signature="ChromeBrowserTest()[pri:0, instance:com.jenkinsCICDDemoTest.JenkinsCICDTest@4b8ee4de]" started-at="2026-07-21T11:18:52 IST" name="ChromeBrowserTest" finished-at="2026-07-21T11:19:01 IST" duration-ms="9197" status="PASS">
          <reporter-output>
          </reporter-output>
        </test-method> <!-- ChromeBrowserTest -->
        <test-method signature="EdgeBrowser()[pri:1, instance:com.jenkinsCICDDemoTest.JenkinsCICDTest@4b8ee4de]" started-at="2026-07-21T11:19:01 IST" name="EdgeBrowser" finished-at="2026-07-21T11:19:05 IST" duration-ms="4322" status="PASS">
          <reporter-output>
          </reporter-output>
        </test-method> <!-- EdgeBrowser -->
        <test-method signature="FirefoxBrowser()[pri:2, instance:com.jenkinsCICDDemoTest.JenkinsCICDTest@4b8ee4de]" started-at="2026-07-21T11:19:05 IST" name="FirefoxBrowser" finished-at="2026-07-21T11:19:12 IST" duration-ms="6283" status="PASS">
          <reporter-output>
          </reporter-output>
        </test-method> <!-- FirefoxBrowser -->
        <test-method signature="VitaminsSupplement()[pri:3, instance:com.jenkinsCICDDemoTest.JenkinsCICDTest@4b8ee4de]" started-at="2026-07-21T11:19:12 IST" name="VitaminsSupplement" finished-at="2026-07-21T11:20:12 IST" duration-ms="59937" status="PASS">
          <reporter-output>
          </reporter-output>
        </test-method> <!-- VitaminsSupplement -->
        <test-method signature="VitaminsLink()[pri:4, instance:com.jenkinsCICDDemoTest.JenkinsCICDTest@4b8ee4de]" started-at="2026-07-21T11:20:12 IST" name="VitaminsLink" finished-at="2026-07-21T11:20:53 IST" duration-ms="41276" status="PASS">
          <reporter-output>
          </reporter-output>
        </test-method> <!-- VitaminsLink -->
        <test-method signature="DropDownList()[pri:5, instance:com.jenkinsCICDDemoTest.JenkinsCICDTest@4b8ee4de]" started-at="2026-07-21T11:20:53 IST" name="DropDownList" finished-at="2026-07-21T11:21:02 IST" duration-ms="9127" status="PASS">
          <reporter-output>
          </reporter-output>
        </test-method> <!-- DropDownList -->
      </class> <!-- com.jenkinsCICDDemoTest.JenkinsCICDTest -->
    </test> <!-- Surefire test -->
  </suite> <!-- Surefire suite -->
</testng-results>
